<?xml version="1.0" encoding="UTF-8"?>
<!-- Generated by org.testng.reporters.JUnitReportReporter -->
<testsuite hostname="LAPTOP-NJK1TI83" failures="0" tests="1" name="test.java.SampleTest" time="18.117" errors="0" timestamp="2024-05-29T22:14:28 ADT" skipped="0">
  <testcase classname="test.java.SampleTest" name="checkingSuccessfulLogin" time="18.117"/>
</testsuite> <!-- test.java.SampleTest -->
